  main.c
C:\Users\Пользователь\source\repos\Molekuls\main.c(161,11): warning C4477: "printf": в строке форматирования "%d" требуется аргумент типа "int", но вариативный аргумент "4" имеет тип "double"
C:\Users\Пользователь\source\repos\Molekuls\main.c(238,22): warning C4244: функция: преобразование "int" в "float", возможна потеря данных
C:\Users\Пользователь\source\repos\Molekuls\main.c(238,29): warning C4244: функция: преобразование "int" в "float", возможна потеря данных
C:\Users\Пользователь\source\repos\Molekuls\main.c(238,39): warning C4244: функция: преобразование "int" в "float", возможна потеря данных
C:\Users\Пользователь\source\repos\Molekuls\main.c(238,46): warning C4244: функция: преобразование "int" в "float", возможна потеря данных
C:\Users\Пользователь\source\repos\Molekuls\main.c(239,25): warning C4244: функция: преобразование "int" в "float", возможна потеря данных
C:\Users\Пользователь\source\repos\Molekuls\main.c(239,35): warning C4244: функция: преобразование "int" в "float", возможна потеря данных
C:\Users\Пользователь\source\repos\Molekuls\main.c(239,42): warning C4244: функция: преобразование "int" в "float", возможна потеря данных
C:\Users\Пользователь\source\repos\Molekuls\main.c(239,52): warning C4244: функция: преобразование "int" в "float", возможна потеря данных
C:\Users\Пользователь\source\repos\Molekuls\main.c(260,26): warning C4244: функция: преобразование "int" в "float", возможна потеря данных
C:\Users\Пользователь\source\repos\Molekuls\main.c(260,34): warning C4244: функция: преобразование "int" в "float", возможна потеря данных
C:\Users\Пользователь\source\repos\Molekuls\main.c(260,42): warning C4244: функция: преобразование "int" в "float", возможна потеря данных
C:\Users\Пользователь\source\repos\Molekuls\main.c(260,50): warning C4244: функция: преобразование "int" в "float", возможна потеря данных
C:\Users\Пользователь\source\repos\Molekuls\main.c(261,26): warning C4244: функция: преобразование "int" в "float", возможна потеря данных
C:\Users\Пользователь\source\repos\Molekuls\main.c(261,34): warning C4244: функция: преобразование "int" в "float", возможна потеря данных
C:\Users\Пользователь\source\repos\Molekuls\main.c(261,42): warning C4244: функция: преобразование "int" в "float", возможна потеря данных
C:\Users\Пользователь\source\repos\Molekuls\main.c(261,50): warning C4244: функция: преобразование "int" в "float", возможна потеря данных
C:\Users\Пользователь\source\repos\Molekuls\main.c(262,26): warning C4244: функция: преобразование "int" в "float", возможна потеря данных
C:\Users\Пользователь\source\repos\Molekuls\main.c(262,34): warning C4244: функция: преобразование "int" в "float", возможна потеря данных
C:\Users\Пользователь\source\repos\Molekuls\main.c(262,42): warning C4244: функция: преобразование "int" в "float", возможна потеря данных
C:\Users\Пользователь\source\repos\Molekuls\main.c(262,50): warning C4244: функция: преобразование "int" в "float", возможна потеря данных
C:\Users\Пользователь\source\repos\Molekuls\main.c(263,26): warning C4244: функция: преобразование "int" в "float", возможна потеря данных
C:\Users\Пользователь\source\repos\Molekuls\main.c(263,34): warning C4244: функция: преобразование "int" в "float", возможна потеря данных
C:\Users\Пользователь\source\repos\Molekuls\main.c(263,42): warning C4244: функция: преобразование "int" в "float", возможна потеря данных
C:\Users\Пользователь\source\repos\Molekuls\main.c(263,50): warning C4244: функция: преобразование "int" в "float", возможна потеря данных
C:\Users\Пользователь\source\repos\Molekuls\main.c(495,41): warning C4244: функция: преобразование "double" в "float", возможна потеря данных
C:\Users\Пользователь\source\repos\Molekuls\main.c(495,65): warning C4244: функция: преобразование "double" в "float", возможна потеря данных
C:\Users\Пользователь\source\repos\Molekuls\main.c(495,89): warning C4244: функция: преобразование "double" в "float", возможна потеря данных
C:\Users\Пользователь\source\repos\Molekuls\main.c(495,113): warning C4244: функция: преобразование "double" в "float", возможна потеря данных
C:\Users\Пользователь\source\repos\Molekuls\main.c(502,24): warning C4244: функция: преобразование "double" в "int", возможна потеря данных
C:\Users\Пользователь\source\repos\Molekuls\main.c(502,38): warning C4244: функция: преобразование "double" в "int", возможна потеря данных
C:\Users\Пользователь\source\repos\Molekuls\main.c(502,52): warning C4244: функция: преобразование "double" в "int", возможна потеря данных
C:\Users\Пользователь\source\repos\Molekuls\main.c(559,9): warning C4244: return: преобразование "const double" в "int", возможна потеря данных
  Molekuls.vcxproj -> C:\Users\Пользователь\source\repos\Molekuls\x64\Debug\Molekuls.exe
  "pwsh.exe" не является внутренней или внешней
  командой, исполняемой программой или пакетным файлом.
